<?xml version="1.0" encoding="UTF-8"?>
<!-- Generated by org.testng.reporters.JUnitXMLReporter -->
<testsuite hostname="QINDW238" ignored="0" name="Framework_Test" tests="4" failures="0" timestamp="30 Dec 2019 10:43:40 GMT" time="34.473" errors="0">
  <testcase name="basePageNavigation" time="12.268" classname="com.tests.homePage"/>
  <testcase name="basePageNavigation" time="13.095" classname="com.tests.homePage"/>
  <testcase name="validateNavBar" time="4.588" classname="com.tests.ValidateNavigationBar"/>
  <testcase name="validateTitle" time="4.484" classname="com.tests.ValidateTitle"/>
</testsuite> <!-- Framework_Test -->
