<?xml version="1.0" encoding="UTF-8"?>
<testng-results skipped="0" failed="0" ignored="0" total="1" passed="1">
  <reporter-output>
  </reporter-output>
  <suite name="Default suite" duration-ms="2671" started-at="2019-12-23T13:16:42Z" finished-at="2019-12-23T13:16:45Z">
    <groups>
    </groups>
    <test name="Default test" duration-ms="2671" started-at="2019-12-23T13:16:42Z" finished-at="2019-12-23T13:16:45Z">
      <class name="Academy.homePage">
        <test-method status="PASS" signature="basePageNavigation()[pri:0, instance:Academy.homePage@4af044]" name="basePageNavigation" duration-ms="2652" started-at="2019-12-23T13:16:42Z" finished-at="2019-12-23T13:16:45Z">
          <reporter-output>
          </reporter-output>
        </test-method> <!-- basePageNavigation -->
      </class> <!-- Academy.homePage -->
    </test> <!-- Default test -->
  </suite> <!-- Default suite -->
</testng-results>
