<?xml version="1.0" encoding="UTF-8"?>
<testng-results skipped="0" failed="0" ignored="0" total="1" passed="1">
  <reporter-output>
  </reporter-output>
  <suite name="Default suite" duration-ms="39398" started-at="2019-12-23T17:08:33Z" finished-at="2019-12-23T17:09:13Z">
    <groups>
    </groups>
    <test name="Default test" duration-ms="39398" started-at="2019-12-23T17:08:33Z" finished-at="2019-12-23T17:09:13Z">
      <class name="Academy.homePage">
        <test-method status="PASS" signature="basePageNavigation()[pri:0, instance:Academy.homePage@1b604f19]" name="basePageNavigation" duration-ms="39379" started-at="2019-12-23T17:08:33Z" finished-at="2019-12-23T17:09:13Z">
          <reporter-output>
          </reporter-output>
        </test-method> <!-- basePageNavigation -->
      </class> <!-- Academy.homePage -->
    </test> <!-- Default test -->
  </suite> <!-- Default suite -->
</testng-results>
